

TRACE:    127.0.0.1:50828 - HTTP connection made
TRACE:    127.0.0.1:50828 - ASGI [33] Started scope={'type': 'http', 'asgi': {'version': '3.0', 'spec_version': '2.3'}, 'http_version': '1.1', 'server': ('127.0.0.1', 8000), 'client': ('127.0.0.1', 50828), 'scheme': 'http', 'method': 'POST', 'root_path': '', 'path': '/portal/register', 'raw_path': b'/portal/register', 'query_string': b'', 'headers': '<...>', 'state': {}}
TRACE:    127.0.0.1:50828 - ASGI [33] Receive {'type': 'http.request', 'body': '<218 bytes>', 'more_body': False}
2026-01-15 22:27:03,293 - botocore.hooks - DEBUG - Event before-parameter-build.s3.CreateBucket: calling handler <function validate_bucket_name at 0x106c47a60>
2026-01-15 22:27:03,293 - botocore.hooks - DEBUG - Event before-parameter-build.s3.CreateBucket: calling handler <function remove_bucket_from_url_paths_from_model at 0x106c79c60>
2026-01-15 22:27:03,293 - botocore.hooks - DEBUG - Event before-parameter-build.s3.CreateBucket: calling handler <bound method S3RegionRedirectorv2.annotate_request_context of <botocore.utils.S3RegionRedirectorv2 object at 0x109e33f10>>
2026-01-15 22:27:03,293 - botocore.hooks - DEBUG - Event before-parameter-build.s3.CreateBucket: calling handler <bound method ClientCreator._inject_s3_input_parameters of <botocore.client.ClientCreator object at 0x1095fa610>>
2026-01-15 22:27:03,293 - botocore.hooks - DEBUG - Event before-parameter-build.s3.CreateBucket: calling handler <function generate_idempotent_uuid at 0x106c47880>
2026-01-15 22:27:03,294 - botocore.hooks - DEBUG - Event before-endpoint-resolution.s3: calling handler <function customize_endpoint_resolver_builtins at 0x106c79e40>
2026-01-15 22:27:03,294 - botocore.hooks - DEBUG - Event before-endpoint-resolution.s3: calling handler <bound method S3RegionRedirectorv2.redirect_from_cache of <botocore.utils.S3RegionRedirectorv2 object at 0x109e33f10>>
2026-01-15 22:27:03,294 - botocore.regions - DEBUG - Calling endpoint provider with parameters: {'Bucket': 'daylily-customer-iiiii-e60e4275', 'Region': 'us-west-2', 'UseFIPS': False, 'UseDualStack': False, 'ForcePathStyle': False, 'Accelerate': False, 'UseGlobalEndpoint': False, 'DisableAccessPoints': True, 'DisableMultiRegionAccessPoints': False, 'UseArnRegion': True, 'UseS3ExpressControlEndpoint': True}
2026-01-15 22:27:03,295 - botocore.regions - DEBUG - Endpoint provider result: https://daylily-customer-iiiii-e60e4275.s3.us-west-2.amazonaws.com
2026-01-15 22:27:03,295 - botocore.regions - DEBUG - Selecting from endpoint provider's list of auth schemes: "sigv4". User selected auth scheme is: "None"
2026-01-15 22:27:03,295 - botocore.regions - DEBUG - Selected auth type "v4" as "v4" with signing context params: {'region': 'us-west-2', 'signing_name': 's3', 'disableDoubleEncoding': True}
2026-01-15 22:27:03,298 - botocore.hooks - DEBUG - Event before-call.s3.CreateBucket: calling handler <function add_expect_header at 0x106c47e20>
2026-01-15 22:27:03,298 - botocore.hooks - DEBUG - Event before-call.s3.CreateBucket: calling handler <bound method S3ExpressIdentityResolver.apply_signing_cache_key of <botocore.utils.S3ExpressIdentityResolver object at 0x109e3ccd0>>
2026-01-15 22:27:03,298 - botocore.hooks - DEBUG - Event before-call.s3.CreateBucket: calling handler <function add_recursion_detection_header at 0x106c460c0>
2026-01-15 22:27:03,298 - botocore.hooks - DEBUG - Event before-call.s3.CreateBucket: calling handler <function inject_api_version_header_if_needed at 0x106c793a0>
2026-01-15 22:27:03,298 - botocore.endpoint - DEBUG - Making request for OperationModel(name=CreateBucket) with params: {'url_path': '', 'query_string': {}, 'method': 'PUT', 'headers': {'User-Agent': 'Boto3/1.34.154 md/Botocore#1.34.154 md/awscrt#0.22.0 ua/2.0 os/macos#24.4.0 md/arch#arm64 lang/python#3.11.14 md/pyimpl#CPython cfg/retry-mode#legacy Botocore/1.34.154'}, 'body': b'<CreateBucketConfiguration xmlns="http://s3.amazonaws.com/doc/2006-03-01/"><LocationConstraint>us-west-2</LocationConstraint></CreateBucketConfiguration>', 'auth_path': '/daylily-customer-iiiii-e60e4275/', 'url': 'https://daylily-customer-iiiii-e60e4275.s3.us-west-2.amazonaws.com/', 'context': {'client_region': 'us-west-2', 'client_config': <botocore.config.Config object at 0x109e152d0>, 'has_streaming_input': False, 'auth_type': 'v4', 's3_redirect': {'redirected': False, 'bucket': 'daylily-customer-iiiii-e60e4275', 'params': {'Bucket': 'daylily-customer-iiiii-e60e4275', 'CreateBucketConfiguration': {'LocationConstraint': 'us-west-2'}}}, 'input_params': {'Bucket': 'daylily-customer-iiiii-e60e4275'}, 'signing': {'region': 'us-west-2', 'signing_name': 's3', 'disableDoubleEncoding': True}, 'endpoint_properties': {'authSchemes': [{'disableDoubleEncoding': True, 'name': 'sigv4', 'signingName': 's3', 'signingRegion': 'us-west-2'}]}}}
2026-01-15 22:27:03,298 - botocore.hooks - DEBUG - Event request-created.s3.CreateBucket: calling handler <bound method RequestSigner.handler of <botocore.signers.RequestSigner object at 0x109e15290>>
2026-01-15 22:27:03,298 - botocore.hooks - DEBUG - Event choose-signer.s3.CreateBucket: calling handler <bound method ClientCreator._default_s3_presign_to_sigv2 of <botocore.client.ClientCreator object at 0x1095fa610>>
2026-01-15 22:27:03,298 - botocore.hooks - DEBUG - Event choose-signer.s3.CreateBucket: calling handler <function set_operation_specific_signer at 0x106c47740>
2026-01-15 22:27:03,298 - botocore.hooks - DEBUG - Event before-sign.s3.CreateBucket: calling handler <function remove_arn_from_signing_path at 0x106c79da0>
2026-01-15 22:27:03,298 - botocore.hooks - DEBUG - Event before-sign.s3.CreateBucket: calling handler <bound method S3ExpressIdentityResolver.resolve_s3express_identity of <botocore.utils.S3ExpressIdentityResolver object at 0x109e3ccd0>>
2026-01-15 22:27:03,300 - botocore.hooks - DEBUG - Event request-created.s3.CreateBucket: calling handler <function add_retry_headers at 0x106c79bc0>
2026-01-15 22:27:03,300 - botocore.endpoint - DEBUG - Sending http request: <AWSPreparedRequest stream_output=False, method=PUT, url=https://daylily-customer-iiiii-e60e4275.s3.us-west-2.amazonaws.com/, headers={'User-Agent': b'Boto3/1.34.154 md/Botocore#1.34.154 md/awscrt#0.22.0 ua/2.0 os/macos#24.4.0 md/arch#arm64 lang/python#3.11.14 md/pyimpl#CPython cfg/retry-mode#legacy Botocore/1.34.154', 'host': b'daylily-customer-iiiii-e60e4275.s3.us-west-2.amazonaws.com', 'X-Amz-Date': b'20260116T062703Z', 'x-amz-content-sha256': b'a4a3d263179bfcbaf88755b14ea9db3048e4179c03bbc94ccf0f13c8c2d3df6a', 'Authorization': b'AWS4-HMAC-SHA256 Credential=AKIARSU7KMWVUNP6SU5X/20260116/us-west-2/s3/aws4_request, SignedHeaders=host;x-amz-content-sha256;x-amz-date, Signature=b2ef7efd6c9d5d20bf374c9e2968425b438701a0580e83861bc4d437e378a060', 'amz-sdk-invocation-id': b'7302bbe7-f321-44ec-882f-b31e3dff33b4', 'amz-sdk-request': b'attempt=1', 'Content-Length': '153'}>
2026-01-15 22:27:03,301 - botocore.httpsession - DEBUG - Certificate path: /Users/daylily/miniconda3/envs/DAY-EC/lib/python3.11/site-packages/certifi/cacert.pem
2026-01-15 22:27:03,992 - botocore.parsers - DEBUG - Response headers: {'x-amz-id-2': 'Qdd1XoZv91wBLurlUk5Jc3afmRy/+laHHO7RxEa8lguS4rXtaNZPrt5oBnkDLuYO+tiTpZN0dN5u77P4CGQc4wAC6xj2kmjX', 'x-amz-request-id': 'S4Q6NHN4G84JMG7E', 'Date': 'Fri, 16 Jan 2026 06:27:04 GMT', 'Location': 'http://daylily-customer-iiiii-e60e4275.s3.amazonaws.com/', 'x-amz-bucket-arn': 'arn:aws:s3:::daylily-customer-iiiii-e60e4275', 'Content-Length': '0', 'Server': 'AmazonS3'}
2026-01-15 22:27:03,993 - botocore.parsers - DEBUG - Response body:
b''
2026-01-15 22:27:03,995 - botocore.hooks - DEBUG - Event needs-retry.s3.CreateBucket: calling handler <botocore.retryhandler.RetryHandler object at 0x109e3ca10>
2026-01-15 22:27:03,996 - botocore.retryhandler - DEBUG - No retry needed.
2026-01-15 22:27:03,997 - botocore.hooks - DEBUG - Event needs-retry.s3.CreateBucket: calling handler <bound method S3RegionRedirectorv2.redirect_from_error of <botocore.utils.S3RegionRedirectorv2 object at 0x109e33f10>>
2026-01-15 22:27:03,997 - botocore.hooks - DEBUG - Event before-parameter-build.s3.PutBucketVersioning: calling handler <function validate_bucket_name at 0x106c47a60>
2026-01-15 22:27:03,997 - botocore.hooks - DEBUG - Event before-parameter-build.s3.PutBucketVersioning: calling handler <function remove_bucket_from_url_paths_from_model at 0x106c79c60>
2026-01-15 22:27:03,997 - botocore.hooks - DEBUG - Event before-parameter-build.s3.PutBucketVersioning: calling handler <bound method S3RegionRedirectorv2.annotate_request_context of <botocore.utils.S3RegionRedirectorv2 object at 0x109e33f10>>
2026-01-15 22:27:03,997 - botocore.hooks - DEBUG - Event before-parameter-build.s3.PutBucketVersioning: calling handler <bound method ClientCreator._inject_s3_input_parameters of <botocore.client.ClientCreator object at 0x1095fa610>>
2026-01-15 22:27:03,997 - botocore.hooks - DEBUG - Event before-parameter-build.s3.PutBucketVersioning: calling handler <function generate_idempotent_uuid at 0x106c47880>
2026-01-15 22:27:03,997 - botocore.hooks - DEBUG - Event before-endpoint-resolution.s3: calling handler <function customize_endpoint_resolver_builtins at 0x106c79e40>
2026-01-15 22:27:03,998 - botocore.hooks - DEBUG - Event before-endpoint-resolution.s3: calling handler <bound method S3RegionRedirectorv2.redirect_from_cache of <botocore.utils.S3RegionRedirectorv2 object at 0x109e33f10>>
2026-01-15 22:27:03,998 - botocore.regions - DEBUG - Calling endpoint provider with parameters: {'Bucket': 'daylily-customer-iiiii-e60e4275', 'Region': 'us-west-2', 'UseFIPS': False, 'UseDualStack': False, 'ForcePathStyle': False, 'Accelerate': False, 'UseGlobalEndpoint': False, 'DisableMultiRegionAccessPoints': False, 'UseArnRegion': True, 'UseS3ExpressControlEndpoint': True}
2026-01-15 22:27:03,998 - botocore.regions - DEBUG - Endpoint provider result: https://daylily-customer-iiiii-e60e4275.s3.us-west-2.amazonaws.com
2026-01-15 22:27:03,998 - botocore.regions - DEBUG - Selecting from endpoint provider's list of auth schemes: "sigv4". User selected auth scheme is: "None"
2026-01-15 22:27:03,999 - botocore.regions - DEBUG - Selected auth type "v4" as "v4" with signing context params: {'region': 'us-west-2', 'signing_name': 's3', 'disableDoubleEncoding': True}
2026-01-15 22:27:03,999 - botocore.hooks - DEBUG - Event before-call.s3.PutBucketVersioning: calling handler <function add_expect_header at 0x106c47e20>
2026-01-15 22:27:03,999 - botocore.hooks - DEBUG - Event before-call.s3.PutBucketVersioning: calling handler <bound method S3ExpressIdentityResolver.apply_signing_cache_key of <botocore.utils.S3ExpressIdentityResolver object at 0x109e3ccd0>>
2026-01-15 22:27:03,999 - botocore.hooks - DEBUG - Event before-call.s3.PutBucketVersioning: calling handler <function add_recursion_detection_header at 0x106c460c0>
2026-01-15 22:27:03,999 - botocore.hooks - DEBUG - Event before-call.s3.PutBucketVersioning: calling handler <function inject_api_version_header_if_needed at 0x106c793a0>
2026-01-15 22:27:04,000 - botocore.endpoint - DEBUG - Making request for OperationModel(name=PutBucketVersioning) with params: {'url_path': '?versioning', 'query_string': {}, 'method': 'PUT', 'headers': {'User-Agent': 'Boto3/1.34.154 md/Botocore#1.34.154 md/awscrt#0.22.0 ua/2.0 os/macos#24.4.0 md/arch#arm64 lang/python#3.11.14 md/pyimpl#CPython cfg/retry-mode#legacy Botocore/1.34.154', 'Content-MD5': 'QQFYoy/mRYV9PGZUfFi0Bw=='}, 'body': b'<VersioningConfiguration xmlns="http://s3.amazonaws.com/doc/2006-03-01/"><Status>Enabled</Status></VersioningConfiguration>', 'auth_path': '/daylily-customer-iiiii-e60e4275/', 'url': 'https://daylily-customer-iiiii-e60e4275.s3.us-west-2.amazonaws.com/?versioning', 'context': {'client_region': 'us-west-2', 'client_config': <botocore.config.Config object at 0x109e152d0>, 'has_streaming_input': False, 'auth_type': 'v4', 's3_redirect': {'redirected': False, 'bucket': 'daylily-customer-iiiii-e60e4275', 'params': {'Bucket': 'daylily-customer-iiiii-e60e4275', 'VersioningConfiguration': {'Status': 'Enabled'}}}, 'input_params': {'Bucket': 'daylily-customer-iiiii-e60e4275'}, 'signing': {'region': 'us-west-2', 'signing_name': 's3', 'disableDoubleEncoding': True}, 'endpoint_properties': {'authSchemes': [{'disableDoubleEncoding': True, 'name': 'sigv4', 'signingName': 's3', 'signingRegion': 'us-west-2'}]}, 'checksum': {'request_algorithm': 'conditional-md5'}}}
2026-01-15 22:27:04,000 - botocore.hooks - DEBUG - Event request-created.s3.PutBucketVersioning: calling handler <bound method RequestSigner.handler of <botocore.signers.RequestSigner object at 0x109e15290>>
2026-01-15 22:27:04,000 - botocore.hooks - DEBUG - Event choose-signer.s3.PutBucketVersioning: calling handler <bound method ClientCreator._default_s3_presign_to_sigv2 of <botocore.client.ClientCreator object at 0x1095fa610>>
2026-01-15 22:27:04,000 - botocore.hooks - DEBUG - Event choose-signer.s3.PutBucketVersioning: calling handler <function set_operation_specific_signer at 0x106c47740>
2026-01-15 22:27:04,000 - botocore.hooks - DEBUG - Event before-sign.s3.PutBucketVersioning: calling handler <function remove_arn_from_signing_path at 0x106c79da0>
2026-01-15 22:27:04,000 - botocore.hooks - DEBUG - Event before-sign.s3.PutBucketVersioning: calling handler <bound method S3ExpressIdentityResolver.resolve_s3express_identity of <botocore.utils.S3ExpressIdentityResolver object at 0x109e3ccd0>>
2026-01-15 22:27:04,000 - botocore.hooks - DEBUG - Event request-created.s3.PutBucketVersioning: calling handler <function add_retry_headers at 0x106c79bc0>
2026-01-15 22:27:04,001 - botocore.endpoint - DEBUG - Sending http request: <AWSPreparedRequest stream_output=False, method=PUT, url=https://daylily-customer-iiiii-e60e4275.s3.us-west-2.amazonaws.com/?versioning, headers={'User-Agent': b'Boto3/1.34.154 md/Botocore#1.34.154 md/awscrt#0.22.0 ua/2.0 os/macos#24.4.0 md/arch#arm64 lang/python#3.11.14 md/pyimpl#CPython cfg/retry-mode#legacy Botocore/1.34.154', 'Content-MD5': b'QQFYoy/mRYV9PGZUfFi0Bw==', 'host': b'daylily-customer-iiiii-e60e4275.s3.us-west-2.amazonaws.com', 'X-Amz-Date': b'20260116T062704Z', 'x-amz-content-sha256': b'482d4e510b5cdcf0bbf3a044e82832dc711f4f28757a6c06eb21758282a73ef7', 'Authorization': b'AWS4-HMAC-SHA256 Credential=AKIARSU7KMWVUNP6SU5X/20260116/us-west-2/s3/aws4_request, SignedHeaders=content-md5;host;x-amz-content-sha256;x-amz-date, Signature=53959c62fe1143d9b4058a5c6a000affc1f59f3ebc220d09e89ae38408946513', 'amz-sdk-invocation-id': b'8e0f2822-f120-49c4-8327-63b7773f3346', 'amz-sdk-request': b'attempt=1', 'Content-Length': '123'}>
2026-01-15 22:27:04,001 - botocore.httpsession - DEBUG - Certificate path: /Users/daylily/miniconda3/envs/DAY-EC/lib/python3.11/site-packages/certifi/cacert.pem
2026-01-15 22:27:04,221 - botocore.parsers - DEBUG - Response headers: {'x-amz-id-2': 'wlH3Qpni1IpLlMNeaj2iQa9zu6w5f8LoCjxwnYTLY9fcxBFcT3UJalzQbdoZaNG0BDQ1MweIy1+Bd9/WrK7Ct7cFrN8BqyrC', 'x-amz-request-id': 'Q76X59CEQ923JJB0', 'Date': 'Fri, 16 Jan 2026 06:27:05 GMT', 'Content-Length': '0', 'Server': 'AmazonS3'}
2026-01-15 22:27:04,221 - botocore.parsers - DEBUG - Response body:
b''
2026-01-15 22:27:04,221 - botocore.hooks - DEBUG - Event needs-retry.s3.PutBucketVersioning: calling handler <botocore.retryhandler.RetryHandler object at 0x109e3ca10>
2026-01-15 22:27:04,221 - botocore.retryhandler - DEBUG - No retry needed.
2026-01-15 22:27:04,221 - botocore.hooks - DEBUG - Event needs-retry.s3.PutBucketVersioning: calling handler <bound method S3RegionRedirectorv2.redirect_from_error of <botocore.utils.S3RegionRedirectorv2 object at 0x109e33f10>>
2026-01-15 22:27:04,222 - botocore.hooks - DEBUG - Event before-parameter-build.s3.PutBucketTagging: calling handler <function validate_bucket_name at 0x106c47a60>
2026-01-15 22:27:04,222 - botocore.hooks - DEBUG - Event before-parameter-build.s3.PutBucketTagging: calling handler <function remove_bucket_from_url_paths_from_model at 0x106c79c60>
2026-01-15 22:27:04,222 - botocore.hooks - DEBUG - Event before-parameter-build.s3.PutBucketTagging: calling handler <bound method S3RegionRedirectorv2.annotate_request_context of <botocore.utils.S3RegionRedirectorv2 object at 0x109e33f10>>
2026-01-15 22:27:04,222 - botocore.hooks - DEBUG - Event before-parameter-build.s3.PutBucketTagging: calling handler <bound method ClientCreator._inject_s3_input_parameters of <botocore.client.ClientCreator object at 0x1095fa610>>
2026-01-15 22:27:04,222 - botocore.hooks - DEBUG - Event before-parameter-build.s3.PutBucketTagging: calling handler <function generate_idempotent_uuid at 0x106c47880>
2026-01-15 22:27:04,222 - botocore.hooks - DEBUG - Event before-endpoint-resolution.s3: calling handler <function customize_endpoint_resolver_builtins at 0x106c79e40>
2026-01-15 22:27:04,222 - botocore.hooks - DEBUG - Event before-endpoint-resolution.s3: calling handler <bound method S3RegionRedirectorv2.redirect_from_cache of <botocore.utils.S3RegionRedirectorv2 object at 0x109e33f10>>
2026-01-15 22:27:04,222 - botocore.regions - DEBUG - Calling endpoint provider with parameters: {'Bucket': 'daylily-customer-iiiii-e60e4275', 'Region': 'us-west-2', 'UseFIPS': False, 'UseDualStack': False, 'ForcePathStyle': False, 'Accelerate': False, 'UseGlobalEndpoint': False, 'DisableMultiRegionAccessPoints': False, 'UseArnRegion': True, 'UseS3ExpressControlEndpoint': True}
2026-01-15 22:27:04,223 - botocore.regions - DEBUG - Endpoint provider result: https://daylily-customer-iiiii-e60e4275.s3.us-west-2.amazonaws.com
2026-01-15 22:27:04,223 - botocore.regions - DEBUG - Selecting from endpoint provider's list of auth schemes: "sigv4". User selected auth scheme is: "None"
2026-01-15 22:27:04,223 - botocore.regions - DEBUG - Selected auth type "v4" as "v4" with signing context params: {'region': 'us-west-2', 'signing_name': 's3', 'disableDoubleEncoding': True}
2026-01-15 22:27:04,224 - botocore.hooks - DEBUG - Event before-call.s3.PutBucketTagging: calling handler <function add_expect_header at 0x106c47e20>
2026-01-15 22:27:04,224 - botocore.hooks - DEBUG - Event before-call.s3.PutBucketTagging: calling handler <bound method S3ExpressIdentityResolver.apply_signing_cache_key of <botocore.utils.S3ExpressIdentityResolver object at 0x109e3ccd0>>
2026-01-15 22:27:04,224 - botocore.hooks - DEBUG - Event before-call.s3.PutBucketTagging: calling handler <function add_recursion_detection_header at 0x106c460c0>
2026-01-15 22:27:04,224 - botocore.hooks - DEBUG - Event before-call.s3.PutBucketTagging: calling handler <function inject_api_version_header_if_needed at 0x106c793a0>
2026-01-15 22:27:04,224 - botocore.endpoint - DEBUG - Making request for OperationModel(name=PutBucketTagging) with params: {'url_path': '?tagging', 'query_string': {}, 'method': 'PUT', 'headers': {'User-Agent': 'Boto3/1.34.154 md/Botocore#1.34.154 md/awscrt#0.22.0 ua/2.0 os/macos#24.4.0 md/arch#arm64 lang/python#3.11.14 md/pyimpl#CPython cfg/retry-mode#legacy Botocore/1.34.154', 'Content-MD5': 'qgXBH6P2UAtL2QeE8WhYww=='}, 'body': b'<Tagging xmlns="http://s3.amazonaws.com/doc/2006-03-01/"><TagSet><Tag><Key>Customer</Key><Value>iiiii-e60e4275</Value></Tag><Tag><Key>ManagedBy</Key><Value>daylily-workset-monitor</Value></Tag><Tag><Key>Environment</Key><Value>production</Value></Tag></TagSet></Tagging>', 'auth_path': '/daylily-customer-iiiii-e60e4275/', 'url': 'https://daylily-customer-iiiii-e60e4275.s3.us-west-2.amazonaws.com/?tagging', 'context': {'client_region': 'us-west-2', 'client_config': <botocore.config.Config object at 0x109e152d0>, 'has_streaming_input': False, 'auth_type': 'v4', 's3_redirect': {'redirected': False, 'bucket': 'daylily-customer-iiiii-e60e4275', 'params': {'Bucket': 'daylily-customer-iiiii-e60e4275', 'Tagging': {'TagSet': [{'Key': 'Customer', 'Value': 'iiiii-e60e4275'}, {'Key': 'ManagedBy', 'Value': 'daylily-workset-monitor'}, {'Key': 'Environment', 'Value': 'production'}]}}}, 'input_params': {'Bucket': 'daylily-customer-iiiii-e60e4275'}, 'signing': {'region': 'us-west-2', 'signing_name': 's3', 'disableDoubleEncoding': True}, 'endpoint_properties': {'authSchemes': [{'disableDoubleEncoding': True, 'name': 'sigv4', 'signingName': 's3', 'signingRegion': 'us-west-2'}]}, 'checksum': {'request_algorithm': 'conditional-md5'}}}
2026-01-15 22:27:04,225 - botocore.hooks - DEBUG - Event request-created.s3.PutBucketTagging: calling handler <bound method RequestSigner.handler of <botocore.signers.RequestSigner object at 0x109e15290>>
2026-01-15 22:27:04,225 - botocore.hooks - DEBUG - Event choose-signer.s3.PutBucketTagging: calling handler <bound method ClientCreator._default_s3_presign_to_sigv2 of <botocore.client.ClientCreator object at 0x1095fa610>>
2026-01-15 22:27:04,226 - botocore.hooks - DEBUG - Event choose-signer.s3.PutBucketTagging: calling handler <function set_operation_specific_signer at 0x106c47740>
2026-01-15 22:27:04,226 - botocore.hooks - DEBUG - Event before-sign.s3.PutBucketTagging: calling handler <function remove_arn_from_signing_path at 0x106c79da0>
2026-01-15 22:27:04,226 - botocore.hooks - DEBUG - Event before-sign.s3.PutBucketTagging: calling handler <bound method S3ExpressIdentityResolver.resolve_s3express_identity of <botocore.utils.S3ExpressIdentityResolver object at 0x109e3ccd0>>
2026-01-15 22:27:04,227 - botocore.hooks - DEBUG - Event request-created.s3.PutBucketTagging: calling handler <function add_retry_headers at 0x106c79bc0>
2026-01-15 22:27:04,231 - botocore.endpoint - DEBUG - Sending http request: <AWSPreparedRequest stream_output=False, method=PUT, url=https://daylily-customer-iiiii-e60e4275.s3.us-west-2.amazonaws.com/?tagging, headers={'User-Agent': b'Boto3/1.34.154 md/Botocore#1.34.154 md/awscrt#0.22.0 ua/2.0 os/macos#24.4.0 md/arch#arm64 lang/python#3.11.14 md/pyimpl#CPython cfg/retry-mode#legacy Botocore/1.34.154', 'Content-MD5': b'qgXBH6P2UAtL2QeE8WhYww==', 'host': b'daylily-customer-iiiii-e60e4275.s3.us-west-2.amazonaws.com', 'X-Amz-Date': b'20260116T062704Z', 'x-amz-content-sha256': b'970f1ff9602a732eaf0ee82599b7185e415e73ac1d2145fd9d1b28e63c864462', 'Authorization': b'AWS4-HMAC-SHA256 Credential=AKIARSU7KMWVUNP6SU5X/20260116/us-west-2/s3/aws4_request, SignedHeaders=content-md5;host;x-amz-content-sha256;x-amz-date, Signature=1e8024a8e1e5004f9fc001955acc7478f084d97c8548844985e069840dcb9ee4', 'amz-sdk-invocation-id': b'892906f9-a116-4891-b045-d633cc53aef2', 'amz-sdk-request': b'attempt=1', 'Content-Length': '270'}>
2026-01-15 22:27:04,232 - botocore.httpsession - DEBUG - Certificate path: /Users/daylily/miniconda3/envs/DAY-EC/lib/python3.11/site-packages/certifi/cacert.pem
2026-01-15 22:27:04,600 - botocore.parsers - DEBUG - Response headers: {'x-amz-id-2': 'G/Qb9ycACSrOUJhIImnAOkX6yQHLij5M6JxD0tvTBScwkLTfcNQE1F37tmscC/qtkj0AMCSIVKby6SZCYtkzonHeCSMUJXLi', 'x-amz-request-id': 'Q76W9XYT6FXT77J4', 'Date': 'Fri, 16 Jan 2026 06:27:05 GMT', 'Server': 'AmazonS3'}
2026-01-15 22:27:04,601 - botocore.parsers - DEBUG - Response body:
b''
2026-01-15 22:27:04,601 - botocore.hooks - DEBUG - Event needs-retry.s3.PutBucketTagging: calling handler <botocore.retryhandler.RetryHandler object at 0x109e3ca10>
2026-01-15 22:27:04,601 - botocore.retryhandler - DEBUG - No retry needed.
2026-01-15 22:27:04,601 - botocore.hooks - DEBUG - Event needs-retry.s3.PutBucketTagging: calling handler <bound method S3RegionRedirectorv2.redirect_from_error of <botocore.utils.S3RegionRedirectorv2 object at 0x109e33f10>>
2026-01-15 22:27:04,601 - botocore.hooks - DEBUG - Event before-parameter-build.s3.PutBucketLifecycleConfiguration: calling handler <function validate_bucket_name at 0x106c47a60>
2026-01-15 22:27:04,601 - botocore.hooks - DEBUG - Event before-parameter-build.s3.PutBucketLifecycleConfiguration: calling handler <function remove_bucket_from_url_paths_from_model at 0x106c79c60>
2026-01-15 22:27:04,602 - botocore.hooks - DEBUG - Event before-parameter-build.s3.PutBucketLifecycleConfiguration: calling handler <bound method S3RegionRedirectorv2.annotate_request_context of <botocore.utils.S3RegionRedirectorv2 object at 0x109e33f10>>
2026-01-15 22:27:04,602 - botocore.hooks - DEBUG - Event before-parameter-build.s3.PutBucketLifecycleConfiguration: calling handler <bound method ClientCreator._inject_s3_input_parameters of <botocore.client.ClientCreator object at 0x1095fa610>>
2026-01-15 22:27:04,602 - botocore.hooks - DEBUG - Event before-parameter-build.s3.PutBucketLifecycleConfiguration: calling handler <function generate_idempotent_uuid at 0x106c47880>
2026-01-15 22:27:04,602 - botocore.hooks - DEBUG - Event before-endpoint-resolution.s3: calling handler <function customize_endpoint_resolver_builtins at 0x106c79e40>
2026-01-15 22:27:04,602 - botocore.hooks - DEBUG - Event before-endpoint-resolution.s3: calling handler <bound method S3RegionRedirectorv2.redirect_from_cache of <botocore.utils.S3RegionRedirectorv2 object at 0x109e33f10>>
2026-01-15 22:27:04,602 - botocore.regions - DEBUG - Calling endpoint provider with parameters: {'Bucket': 'daylily-customer-iiiii-e60e4275', 'Region': 'us-west-2', 'UseFIPS': False, 'UseDualStack': False, 'ForcePathStyle': False, 'Accelerate': False, 'UseGlobalEndpoint': False, 'DisableMultiRegionAccessPoints': False, 'UseArnRegion': True, 'UseS3ExpressControlEndpoint': True}
2026-01-15 22:27:04,602 - botocore.regions - DEBUG - Endpoint provider result: https://daylily-customer-iiiii-e60e4275.s3.us-west-2.amazonaws.com
2026-01-15 22:27:04,602 - botocore.regions - DEBUG - Selecting from endpoint provider's list of auth schemes: "sigv4". User selected auth scheme is: "None"
2026-01-15 22:27:04,603 - botocore.regions - DEBUG - Selected auth type "v4" as "v4" with signing context params: {'region': 'us-west-2', 'signing_name': 's3', 'disableDoubleEncoding': True}
2026-01-15 22:27:04,604 - botocore.hooks - DEBUG - Event before-call.s3.PutBucketLifecycleConfiguration: calling handler <function escape_xml_payload at 0x106c47560>
2026-01-15 22:27:04,604 - botocore.hooks - DEBUG - Event before-call.s3.PutBucketLifecycleConfiguration: calling handler <function add_expect_header at 0x106c47e20>
2026-01-15 22:27:04,604 - botocore.hooks - DEBUG - Event before-call.s3.PutBucketLifecycleConfiguration: calling handler <bound method S3ExpressIdentityResolver.apply_signing_cache_key of <botocore.utils.S3ExpressIdentityResolver object at 0x109e3ccd0>>
2026-01-15 22:27:04,604 - botocore.hooks - DEBUG - Event before-call.s3.PutBucketLifecycleConfiguration: calling handler <function add_recursion_detection_header at 0x106c460c0>
2026-01-15 22:27:04,604 - botocore.hooks - DEBUG - Event before-call.s3.PutBucketLifecycleConfiguration: calling handler <function inject_api_version_header_if_needed at 0x106c793a0>
2026-01-15 22:27:04,604 - botocore.endpoint - DEBUG - Making request for OperationModel(name=PutBucketLifecycleConfiguration) with params: {'url_path': '?lifecycle', 'query_string': {}, 'method': 'PUT', 'headers': {'User-Agent': 'Boto3/1.34.154 md/Botocore#1.34.154 md/awscrt#0.22.0 ua/2.0 os/macos#24.4.0 md/arch#arm64 lang/python#3.11.14 md/pyimpl#CPython cfg/retry-mode#legacy Botocore/1.34.154', 'Content-MD5': 'uVodRkilLO+O9381PUlP+g=='}, 'body': b'<LifecycleConfiguration xmlns="http://s3.amazonaws.com/doc/2006-03-01/"><Rule><ID>DeleteOldWorksets</ID><Status>Enabled</Status><Filter><Prefix>worksets/</Prefix></Filter><Expiration><Days>90</Days></Expiration></Rule><Rule><ID>TransitionToIA</ID><Status>Enabled</Status><Filter><Prefix>results/</Prefix></Filter><Transition><Days>30</Days><StorageClass>STANDARD_IA</StorageClass></Transition></Rule></LifecycleConfiguration>', 'auth_path': '/daylily-customer-iiiii-e60e4275/', 'url': 'https://daylily-customer-iiiii-e60e4275.s3.us-west-2.amazonaws.com/?lifecycle', 'context': {'client_region': 'us-west-2', 'client_config': <botocore.config.Config object at 0x109e152d0>, 'has_streaming_input': False, 'auth_type': 'v4', 's3_redirect': {'redirected': False, 'bucket': 'daylily-customer-iiiii-e60e4275', 'params': {'Bucket': 'daylily-customer-iiiii-e60e4275', 'LifecycleConfiguration': {'Rules': [{'ID': 'DeleteOldWorksets', 'Status': 'Enabled', 'Filter': {'Prefix': 'worksets/'}, 'Expiration': {'Days': 90}}, {'ID': 'TransitionToIA', 'Status': 'Enabled', 'Filter': {'Prefix': 'results/'}, 'Transitions': [{'Days': 30, 'StorageClass': 'STANDARD_IA'}]}]}}}, 'input_params': {'Bucket': 'daylily-customer-iiiii-e60e4275'}, 'signing': {'region': 'us-west-2', 'signing_name': 's3', 'disableDoubleEncoding': True}, 'endpoint_properties': {'authSchemes': [{'disableDoubleEncoding': True, 'name': 'sigv4', 'signingName': 's3', 'signingRegion': 'us-west-2'}]}, 'checksum': {'request_algorithm': 'conditional-md5'}}}
2026-01-15 22:27:04,605 - botocore.hooks - DEBUG - Event request-created.s3.PutBucketLifecycleConfiguration: calling handler <bound method RequestSigner.handler of <botocore.signers.RequestSigner object at 0x109e15290>>
2026-01-15 22:27:04,605 - botocore.hooks - DEBUG - Event choose-signer.s3.PutBucketLifecycleConfiguration: calling handler <bound method ClientCreator._default_s3_presign_to_sigv2 of <botocore.client.ClientCreator object at 0x1095fa610>>
2026-01-15 22:27:04,605 - botocore.hooks - DEBUG - Event choose-signer.s3.PutBucketLifecycleConfiguration: calling handler <function set_operation_specific_signer at 0x106c47740>
2026-01-15 22:27:04,605 - botocore.hooks - DEBUG - Event before-sign.s3.PutBucketLifecycleConfiguration: calling handler <function remove_arn_from_signing_path at 0x106c79da0>
2026-01-15 22:27:04,605 - botocore.hooks - DEBUG - Event before-sign.s3.PutBucketLifecycleConfiguration: calling handler <bound method S3ExpressIdentityResolver.resolve_s3express_identity of <botocore.utils.S3ExpressIdentityResolver object at 0x109e3ccd0>>
2026-01-15 22:27:04,606 - botocore.hooks - DEBUG - Event request-created.s3.PutBucketLifecycleConfiguration: calling handler <function add_retry_headers at 0x106c79bc0>
2026-01-15 22:27:04,606 - botocore.endpoint - DEBUG - Sending http request: <AWSPreparedRequest stream_output=False, method=PUT, url=https://daylily-customer-iiiii-e60e4275.s3.us-west-2.amazonaws.com/?lifecycle, headers={'User-Agent': b'Boto3/1.34.154 md/Botocore#1.34.154 md/awscrt#0.22.0 ua/2.0 os/macos#24.4.0 md/arch#arm64 lang/python#3.11.14 md/pyimpl#CPython cfg/retry-mode#legacy Botocore/1.34.154', 'Content-MD5': b'uVodRkilLO+O9381PUlP+g==', 'host': b'daylily-customer-iiiii-e60e4275.s3.us-west-2.amazonaws.com', 'X-Amz-Date': b'20260116T062704Z', 'x-amz-content-sha256': b'87accf794f94031600f91b1cad8692de72db0c74b8e9a8f7e7a6b3d7e9c145b3', 'Authorization': b'AWS4-HMAC-SHA256 Credential=AKIARSU7KMWVUNP6SU5X/20260116/us-west-2/s3/aws4_request, SignedHeaders=content-md5;host;x-amz-content-sha256;x-amz-date, Signature=e1336c96f82c1db0e313632b4419576af4a9edce4df92b8def0bf62f430aa41d', 'amz-sdk-invocation-id': b'92715ddd-ad58-4960-887c-881413bed963', 'amz-sdk-request': b'attempt=1', 'Content-Length': '425'}>
2026-01-15 22:27:04,607 - botocore.httpsession - DEBUG - Certificate path: /Users/daylily/miniconda3/envs/DAY-EC/lib/python3.11/site-packages/certifi/cacert.pem
2026-01-15 22:27:04,871 - botocore.parsers - DEBUG - Response headers: {'x-amz-id-2': 'LFQ7d74oUGS3FDTrG0CEfPTlaDXab7u2On4272r6m542Zw5AbeEIcwVgr+rGXpf45k5wME8mk0sOOuj1r7itkoXyYa0K26SU', 'x-amz-request-id': 'Q76S6EK66DY34VCV', 'Date': 'Fri, 16 Jan 2026 06:27:05 GMT', 'x-amz-transition-default-minimum-object-size': 'all_storage_classes_128K', 'Content-Length': '0', 'Server': 'AmazonS3'}
2026-01-15 22:27:04,872 - botocore.parsers - DEBUG - Response body:
b''
2026-01-15 22:27:04,872 - botocore.hooks - DEBUG - Event needs-retry.s3.PutBucketLifecycleConfiguration: calling handler <botocore.retryhandler.RetryHandler object at 0x109e3ca10>
2026-01-15 22:27:04,872 - botocore.retryhandler - DEBUG - No retry needed.
2026-01-15 22:27:04,872 - botocore.hooks - DEBUG - Event needs-retry.s3.PutBucketLifecycleConfiguration: calling handler <bound method S3RegionRedirectorv2.redirect_from_error of <botocore.utils.S3RegionRedirectorv2 object at 0x109e33f10>>
2026-01-15 22:27:04,873 - daylily.workset_customer - INFO - Created customer bucket daylily-customer-iiiii-e60e4275
2026-01-15 22:27:04,873 - boto3.resources.factory - DEBUG - Loading dynamodb:Table
2026-01-15 22:27:04,884 - botocore.hooks - DEBUG - Event creating-resource-class.dynamodb.Table: calling handler <function lazy_call.<locals>._handler at 0x1095e4f40>
2026-01-15 22:27:04,885 - botocore.hooks - DEBUG - Event creating-resource-class.dynamodb.Table: calling handler <function lazy_call.<locals>._handler at 0x1095e4ea0>
2026-01-15 22:27:04,886 - boto3.resources.action - DEBUG - Calling dynamodb:describe_table with {'TableName': 'daylily-customers'}
2026-01-15 22:27:04,886 - botocore.hooks - DEBUG - Event provide-client-params.dynamodb.DescribeTable: calling handler <function copy_dynamodb_params at 0x108b9cae0>
2026-01-15 22:27:04,886 - botocore.hooks - DEBUG - Event before-parameter-build.dynamodb.DescribeTable: calling handler <bound method TransformationInjector.inject_condition_expressions of <boto3.dynamodb.transform.TransformationInjector object at 0x109fb63d0>>
2026-01-15 22:27:04,886 - botocore.hooks - DEBUG - Event before-parameter-build.dynamodb.DescribeTable: calling handler <bound method TransformationInjector.inject_attribute_value_input of <boto3.dynamodb.transform.TransformationInjector object at 0x109fb63d0>>
2026-01-15 22:27:04,887 - botocore.hooks - DEBUG - Event before-parameter-build.dynamodb.DescribeTable: calling handler <function generate_idempotent_uuid at 0x106c47880>
2026-01-15 22:27:04,887 - botocore.hooks - DEBUG - Event before-parameter-build.dynamodb.DescribeTable: calling handler <function block_endpoint_discovery_required_operations at 0x106b863e0>
2026-01-15 22:27:04,887 - botocore.regions - DEBUG - Calling endpoint provider with parameters: {'Region': 'us-west-2', 'UseDualStack': False, 'UseFIPS': False}
2026-01-15 22:27:04,887 - botocore.regions - DEBUG - Endpoint provider result: https://dynamodb.us-west-2.amazonaws.com
2026-01-15 22:27:04,887 - botocore.hooks - DEBUG - Event before-call.dynamodb.DescribeTable: calling handler <function add_recursion_detection_header at 0x106c460c0>
2026-01-15 22:27:04,887 - botocore.hooks - DEBUG - Event before-call.dynamodb.DescribeTable: calling handler <function inject_api_version_header_if_needed at 0x106c793a0>
2026-01-15 22:27:04,887 - botocore.endpoint - DEBUG - Making request for OperationModel(name=DescribeTable) with params: {'url_path': '/', 'query_string': '', 'method': 'POST', 'headers': {'X-Amz-Target': 'DynamoDB_20120810.DescribeTable', 'Content-Type': 'application/x-amz-json-1.0', 'User-Agent': 'Boto3/1.34.154 md/Botocore#1.34.154 md/awscrt#0.22.0 ua/2.0 os/macos#24.4.0 md/arch#arm64 lang/python#3.11.14 md/pyimpl#CPython cfg/retry-mode#legacy Botocore/1.34.154 Resource'}, 'body': b'{"TableName": "daylily-customers"}', 'url': 'https://dynamodb.us-west-2.amazonaws.com/', 'context': {'client_region': 'us-west-2', 'client_config': <botocore.config.Config object at 0x109faf890>, 'has_streaming_input': False, 'auth_type': None}}
2026-01-15 22:27:04,887 - botocore.hooks - DEBUG - Event request-created.dynamodb.DescribeTable: calling handler <bound method RequestSigner.handler of <botocore.signers.RequestSigner object at 0x109faf850>>
2026-01-15 22:27:04,888 - botocore.hooks - DEBUG - Event choose-signer.dynamodb.DescribeTable: calling handler <function set_operation_specific_signer at 0x106c47740>
2026-01-15 22:27:04,888 - botocore.hooks - DEBUG - Event request-created.dynamodb.DescribeTable: calling handler <function add_retry_headers at 0x106c79bc0>
2026-01-15 22:27:04,888 - botocore.endpoint - DEBUG - Sending http request: <AWSPreparedRequest stream_output=False, method=POST, url=https://dynamodb.us-west-2.amazonaws.com/, headers={'X-Amz-Target': b'DynamoDB_20120810.DescribeTable', 'Content-Type': b'application/x-amz-json-1.0', 'User-Agent': b'Boto3/1.34.154 md/Botocore#1.34.154 md/awscrt#0.22.0 ua/2.0 os/macos#24.4.0 md/arch#arm64 lang/python#3.11.14 md/pyimpl#CPython cfg/retry-mode#legacy Botocore/1.34.154 Resource', 'host': b'dynamodb.us-west-2.amazonaws.com', 'X-Amz-Date': b'20260116T062704Z', 'Authorization': b'AWS4-HMAC-SHA256 Credential=AKIARSU7KMWVUNP6SU5X/20260116/us-west-2/dynamodb/aws4_request, SignedHeaders=content-type;host;x-amz-date;x-amz-target, Signature=f8a5e089f85d1fe0c1fd8ae93bd232727d9b084b96d7eab054fb4a45537600bc', 'amz-sdk-invocation-id': b'7136f5fc-3996-4d68-b584-5a438318ac62', 'amz-sdk-request': b'attempt=1', 'Content-Length': '34'}>
2026-01-15 22:27:04,889 - botocore.httpsession - DEBUG - Certificate path: /Users/daylily/miniconda3/envs/DAY-EC/lib/python3.11/site-packages/certifi/cacert.pem
2026-01-15 22:27:04,920 - botocore.parsers - DEBUG - Response headers: {'Server': 'Server', 'Date': 'Fri, 16 Jan 2026 06:27:04 GMT', 'Content-Type': 'application/x-amz-json-1.0', 'Content-Length': '858', 'Connection': 'keep-alive', 'x-amzn-RequestId': 'VEKFL30NCHNHM47GVM51MH49GRVV4KQNSO5AEMVJF66Q9ASUAAJG', 'x-amz-crc32': '362872169'}
2026-01-15 22:27:04,921 - botocore.parsers - DEBUG - Response body:
b'{"Table":{"AttributeDefinitions":[{"AttributeName":"customer_id","AttributeType":"S"}],"BillingModeSummary":{"BillingMode":"PAY_PER_REQUEST","LastUpdateToPayPerRequestDateTime":1.768487650301E9},"CreationDateTime":1.768487650301E9,"DeletionProtectionEnabled":false,"ItemCount":1,"KeySchema":[{"AttributeName":"customer_id","KeyType":"HASH"}],"ProvisionedThroughput":{"NumberOfDecreasesToday":0,"ReadCapacityUnits":0,"WriteCapacityUnits":0},"TableArn":"arn:aws:dynamodb:us-west-2:108782052779:table/daylily-customers","TableId":"e127598a-4ea9-4989-8e27-3216dee4f402","TableName":"daylily-customers","TableSizeBytes":152,"TableStatus":"ACTIVE","TableThroughputModeSummary":{"LastUpdateToPayPerRequestDateTime":1.768487650301E9,"TableThroughputMode":"PAY_PER_REQUEST"},"WarmThroughput":{"ReadUnitsPerSecond":12000,"Status":"ACTIVE","WriteUnitsPerSecond":4000}}}'
2026-01-15 22:27:04,922 - botocore.hooks - DEBUG - Event needs-retry.dynamodb.DescribeTable: calling handler <botocore.retryhandler.RetryHandler object at 0x10947c710>
2026-01-15 22:27:04,922 - botocore.retryhandler - DEBUG - No retry needed.
2026-01-15 22:27:04,922 - botocore.hooks - DEBUG - Event after-call.dynamodb.DescribeTable: calling handler <bound method TransformationInjector.inject_attribute_value_output of <boto3.dynamodb.transform.TransformationInjector object at 0x109fb63d0>>
2026-01-15 22:27:04,922 - boto3.resources.action - DEBUG - Response: {'Table': {'AttributeDefinitions': [{'AttributeName': 'customer_id', 'AttributeType': 'S'}], 'TableName': 'daylily-customers', 'KeySchema': [{'AttributeName': 'customer_id', 'KeyType': 'HASH'}], 'TableStatus': 'ACTIVE', 'CreationDateTime': datetime.datetime(2026, 1, 15, 6, 34, 10, 301000, tzinfo=tzlocal()), 'ProvisionedThroughput': {'NumberOfDecreasesToday': 0, 'ReadCapacityUnits': 0, 'WriteCapacityUnits': 0}, 'TableSizeBytes': 152, 'ItemCount': 1, 'TableArn': 'arn:aws:dynamodb:us-west-2:108782052779:table/daylily-customers', 'TableId': 'e127598a-4ea9-4989-8e27-3216dee4f402', 'BillingModeSummary': {'BillingMode': 'PAY_PER_REQUEST', 'LastUpdateToPayPerRequestDateTime': datetime.datetime(2026, 1, 15, 6, 34, 10, 301000, tzinfo=tzlocal())}, 'DeletionProtectionEnabled': False}, 'ResponseMetadata': {'RequestId': 'VEKFL30NCHNHM47GVM51MH49GRVV4KQNSO5AEMVJF66Q9ASUAAJG', 'HTTPStatusCode': 200, 'HTTPHeaders': {'server': 'Server', 'date': 'Fri, 16 Jan 2026 06:27:04 GMT', 'content-type': 'application/x-amz-json-1.0', 'content-length': '858', 'connection': 'keep-alive', 'x-amzn-requestid': 'VEKFL30NCHNHM47GVM51MH49GRVV4KQNSO5AEMVJF66Q9ASUAAJG', 'x-amz-crc32': '362872169'}, 'RetryAttempts': 0}}
2026-01-15 22:27:04,923 - daylily.workset_customer - INFO - Customer table daylily-customers already exists
2026-01-15 22:27:04,923 - boto3.resources.factory - DEBUG - Loading dynamodb:Table
2026-01-15 22:27:04,924 - botocore.hooks - DEBUG - Event creating-resource-class.dynamodb.Table: calling handler <function lazy_call.<locals>._handler at 0x1095e4f40>
2026-01-15 22:27:04,924 - botocore.hooks - DEBUG - Event creating-resource-class.dynamodb.Table: calling handler <function lazy_call.<locals>._handler at 0x1095e4ea0>
2026-01-15 22:27:04,924 - boto3.resources.action - DEBUG - Calling dynamodb:put_item with {'TableName': 'daylily-customers', 'Item': {'customer_id': 'iiiii-e60e4275', 'customer_name': 'iiiii', 'email': 'rojam74@gmail.com', 's3_bucket': 'daylily-customer-iiiii-e60e4275', 'max_concurrent_worksets': 10, 'max_storage_gb': 500, 'is_admin': False}}
2026-01-15 22:27:04,924 - botocore.hooks - DEBUG - Event provide-client-params.dynamodb.PutItem: calling handler <function copy_dynamodb_params at 0x108b9cae0>
2026-01-15 22:27:04,924 - botocore.hooks - DEBUG - Event before-parameter-build.dynamodb.PutItem: calling handler <bound method TransformationInjector.inject_condition_expressions of <boto3.dynamodb.transform.TransformationInjector object at 0x109fb63d0>>
2026-01-15 22:27:04,925 - botocore.hooks - DEBUG - Event before-parameter-build.dynamodb.PutItem: calling handler <bound method TransformationInjector.inject_attribute_value_input of <boto3.dynamodb.transform.TransformationInjector object at 0x109fb63d0>>
2026-01-15 22:27:04,925 - botocore.hooks - DEBUG - Event before-parameter-build.dynamodb.PutItem: calling handler <function generate_idempotent_uuid at 0x106c47880>
2026-01-15 22:27:04,925 - botocore.hooks - DEBUG - Event before-parameter-build.dynamodb.PutItem: calling handler <function block_endpoint_discovery_required_operations at 0x106b863e0>
2026-01-15 22:27:04,925 - botocore.regions - DEBUG - Calling endpoint provider with parameters: {'Region': 'us-west-2', 'UseDualStack': False, 'UseFIPS': False}
2026-01-15 22:27:04,925 - botocore.regions - DEBUG - Endpoint provider result: https://dynamodb.us-west-2.amazonaws.com
2026-01-15 22:27:04,926 - botocore.hooks - DEBUG - Event before-call.dynamodb.PutItem: calling handler <function add_recursion_detection_header at 0x106c460c0>
2026-01-15 22:27:04,926 - botocore.hooks - DEBUG - Event before-call.dynamodb.PutItem: calling handler <function inject_api_version_header_if_needed at 0x106c793a0>
2026-01-15 22:27:04,926 - botocore.endpoint - DEBUG - Making request for OperationModel(name=PutItem) with params: {'url_path': '/', 'query_string': '', 'method': 'POST', 'headers': {'X-Amz-Target': 'DynamoDB_20120810.PutItem', 'Content-Type': 'application/x-amz-json-1.0', 'User-Agent': 'Boto3/1.34.154 md/Botocore#1.34.154 md/awscrt#0.22.0 ua/2.0 os/macos#24.4.0 md/arch#arm64 lang/python#3.11.14 md/pyimpl#CPython cfg/retry-mode#legacy Botocore/1.34.154 Resource'}, 'body': b'{"TableName": "daylily-customers", "Item": {"customer_id": {"S": "iiiii-e60e4275"}, "customer_name": {"S": "iiiii"}, "email": {"S": "rojam74@gmail.com"}, "s3_bucket": {"S": "daylily-customer-iiiii-e60e4275"}, "max_concurrent_worksets": {"N": "10"}, "max_storage_gb": {"N": "500"}, "is_admin": {"BOOL": false}}}', 'url': 'https://dynamodb.us-west-2.amazonaws.com/', 'context': {'client_region': 'us-west-2', 'client_config': <botocore.config.Config object at 0x109faf890>, 'has_streaming_input': False, 'auth_type': None}}
2026-01-15 22:27:04,926 - botocore.hooks - DEBUG - Event request-created.dynamodb.PutItem: calling handler <bound method RequestSigner.handler of <botocore.signers.RequestSigner object at 0x109faf850>>
2026-01-15 22:27:04,926 - botocore.hooks - DEBUG - Event choose-signer.dynamodb.PutItem: calling handler <function set_operation_specific_signer at 0x106c47740>
2026-01-15 22:27:04,927 - botocore.hooks - DEBUG - Event request-created.dynamodb.PutItem: calling handler <function add_retry_headers at 0x106c79bc0>
2026-01-15 22:27:04,927 - botocore.endpoint - DEBUG - Sending http request: <AWSPreparedRequest stream_output=False, method=POST, url=https://dynamodb.us-west-2.amazonaws.com/, headers={'X-Amz-Target': b'DynamoDB_20120810.PutItem', 'Content-Type': b'application/x-amz-json-1.0', 'User-Agent': b'Boto3/1.34.154 md/Botocore#1.34.154 md/awscrt#0.22.0 ua/2.0 os/macos#24.4.0 md/arch#arm64 lang/python#3.11.14 md/pyimpl#CPython cfg/retry-mode#legacy Botocore/1.34.154 Resource', 'host': b'dynamodb.us-west-2.amazonaws.com', 'X-Amz-Date': b'20260116T062704Z', 'Authorization': b'AWS4-HMAC-SHA256 Credential=AKIARSU7KMWVUNP6SU5X/20260116/us-west-2/dynamodb/aws4_request, SignedHeaders=content-type;host;x-amz-date;x-amz-target, Signature=9ff7857158f748e5bd63d88d4f1a7693b8dd09e75f5a01f77e128ffa38ed6658', 'amz-sdk-invocation-id': b'3e6a5c07-d7bc-49a1-a8db-7bdbb8834598', 'amz-sdk-request': b'attempt=1', 'Content-Length': '310'}>
2026-01-15 22:27:04,927 - botocore.httpsession - DEBUG - Certificate path: /Users/daylily/miniconda3/envs/DAY-EC/lib/python3.11/site-packages/certifi/cacert.pem
2026-01-15 22:27:04,958 - botocore.parsers - DEBUG - Response headers: {'Server': 'Server', 'Date': 'Fri, 16 Jan 2026 06:27:04 GMT', 'Content-Type': 'application/x-amz-json-1.0', 'Content-Length': '2', 'Connection': 'keep-alive', 'x-amzn-RequestId': 'PPR66GGAA2NQD5T3EEK4LMIKDJVV4KQNSO5AEMVJF66Q9ASUAAJG', 'x-amz-crc32': '2745614147'}
2026-01-15 22:27:04,958 - botocore.parsers - DEBUG - Response body:
b'{}'
2026-01-15 22:27:04,959 - botocore.hooks - DEBUG - Event needs-retry.dynamodb.PutItem: calling handler <botocore.retryhandler.RetryHandler object at 0x10947c710>
2026-01-15 22:27:04,959 - botocore.retryhandler - DEBUG - No retry needed.
2026-01-15 22:27:04,959 - botocore.hooks - DEBUG - Event after-call.dynamodb.PutItem: calling handler <bound method TransformationInjector.inject_attribute_value_output of <boto3.dynamodb.transform.TransformationInjector object at 0x109fb63d0>>
2026-01-15 22:27:04,959 - boto3.resources.action - DEBUG - Response: {'ResponseMetadata': {'RequestId': 'PPR66GGAA2NQD5T3EEK4LMIKDJVV4KQNSO5AEMVJF66Q9ASUAAJG', 'HTTPStatusCode': 200, 'HTTPHeaders': {'server': 'Server', 'date': 'Fri, 16 Jan 2026 06:27:04 GMT', 'content-type': 'application/x-amz-json-1.0', 'content-length': '2', 'connection': 'keep-alive', 'x-amzn-requestid': 'PPR66GGAA2NQD5T3EEK4LMIKDJVV4KQNSO5AEMVJF66Q9ASUAAJG', 'x-amz-crc32': '2745614147'}, 'RetryAttempts': 0}}
2026-01-15 22:27:04,959 - daylily.workset_customer - INFO - Saved customer config for iiiii-e60e4275
2026-01-15 22:27:04,959 - daylily.workset_customer - INFO - Onboarded customer iiiii (ID: iiiii-e60e4275, bucket: daylily-customer-iiiii-e60e4275, byob: False)
2026-01-15 22:27:04,959 - daylily.workset_api - INFO - Creating Cognito user for rojam74@gmail.com (customer_id: iiiii-e60e4275)
2026-01-15 22:27:04,960 - botocore.hooks - DEBUG - Event before-parameter-build.cognito-identity-provider.AdminCreateUser: calling handler <function generate_idempotent_uuid at 0x106c47880>
2026-01-15 22:27:04,960 - botocore.regions - DEBUG - Calling endpoint provider with parameters: {'Region': 'us-west-2', 'UseDualStack': False, 'UseFIPS': False}
2026-01-15 22:27:04,960 - botocore.regions - DEBUG - Endpoint provider result: https://cognito-idp.us-west-2.amazonaws.com
2026-01-15 22:27:04,960 - botocore.hooks - DEBUG - Event before-call.cognito-identity-provider.AdminCreateUser: calling handler <function add_recursion_detection_header at 0x106c460c0>
2026-01-15 22:27:04,961 - botocore.hooks - DEBUG - Event before-call.cognito-identity-provider.AdminCreateUser: calling handler <function inject_api_version_header_if_needed at 0x106c793a0>
2026-01-15 22:27:04,961 - botocore.endpoint - DEBUG - Making request for OperationModel(name=AdminCreateUser) with params: {'url_path': '/', 'query_string': '', 'method': 'POST', 'headers': {'X-Amz-Target': 'AWSCognitoIdentityProviderService.AdminCreateUser', 'Content-Type': 'application/x-amz-json-1.1', 'User-Agent': 'Boto3/1.34.154 md/Botocore#1.34.154 md/awscrt#0.22.0 ua/2.0 os/macos#24.4.0 md/arch#arm64 lang/python#3.11.14 md/pyimpl#CPython cfg/retry-mode#legacy Botocore/1.34.154'}, 'body': b'{"UserPoolId": "us-west-2_ipMpPcnrm", "Username": "rojam74@gmail.com", "UserAttributes": [{"Name": "email", "Value": "rojam74@gmail.com"}, {"Name": "email_verified", "Value": "true"}, {"Name": "custom:customer_id", "Value": "iiiii-e60e4275"}], "DesiredDeliveryMediums": ["EMAIL"]}', 'url': 'https://cognito-idp.us-west-2.amazonaws.com/', 'context': {'client_region': 'us-west-2', 'client_config': <botocore.config.Config object at 0x10a69d910>, 'has_streaming_input': False, 'auth_type': None}}
2026-01-15 22:27:04,961 - botocore.hooks - DEBUG - Event request-created.cognito-identity-provider.AdminCreateUser: calling handler <bound method RequestSigner.handler of <botocore.signers.RequestSigner object at 0x10a6c2650>>
2026-01-15 22:27:04,961 - botocore.hooks - DEBUG - Event choose-signer.cognito-identity-provider.AdminCreateUser: calling handler <function set_operation_specific_signer at 0x106c47740>
2026-01-15 22:27:04,966 - botocore.hooks - DEBUG - Event request-created.cognito-identity-provider.AdminCreateUser: calling handler <function add_retry_headers at 0x106c79bc0>
2026-01-15 22:27:04,966 - botocore.endpoint - DEBUG - Sending http request: <AWSPreparedRequest stream_output=False, method=POST, url=https://cognito-idp.us-west-2.amazonaws.com/, headers={'X-Amz-Target': b'AWSCognitoIdentityProviderService.AdminCreateUser', 'Content-Type': b'application/x-amz-json-1.1', 'User-Agent': b'Boto3/1.34.154 md/Botocore#1.34.154 md/awscrt#0.22.0 ua/2.0 os/macos#24.4.0 md/arch#arm64 lang/python#3.11.14 md/pyimpl#CPython cfg/retry-mode#legacy Botocore/1.34.154', 'host': b'cognito-idp.us-west-2.amazonaws.com', 'X-Amz-Date': b'20260116T062704Z', 'Authorization': b'AWS4-HMAC-SHA256 Credential=AKIARSU7KMWVUNP6SU5X/20260116/us-west-2/cognito-idp/aws4_request, SignedHeaders=content-type;host;x-amz-date;x-amz-target, Signature=ddbfe86c9fe608923b4e26c7014e759ec08d5a81873ad12c3c3e57fb41d7935f', 'amz-sdk-invocation-id': b'c02a8d1a-21ec-4b01-8ced-82c57dc38d3a', 'amz-sdk-request': b'attempt=1', 'Content-Length': '280'}>
2026-01-15 22:27:04,966 - botocore.httpsession - DEBUG - Certificate path: /Users/daylily/miniconda3/envs/DAY-EC/lib/python3.11/site-packages/certifi/cacert.pem
2026-01-15 22:27:05,523 - botocore.parsers - DEBUG - Response headers: {'Date': 'Fri, 16 Jan 2026 06:27:05 GMT', 'Content-Type': 'application/x-amz-json-1.1', 'Content-Length': '404', 'Connection': 'keep-alive', 'x-amzn-RequestId': '253debc3-1b6f-42c1-b825-5eda1bee75fb'}
2026-01-15 22:27:05,524 - botocore.parsers - DEBUG - Response body:
b'{"User":{"Attributes":[{"Name":"email","Value":"rojam74@gmail.com"},{"Name":"email_verified","Value":"true"},{"Name":"custom:customer_id","Value":"iiiii-e60e4275"},{"Name":"sub","Value":"9811e320-5011-704e-83d8-33e9cb2af863"}],"Enabled":true,"UserCreateDate":1.768544825373E9,"UserLastModifiedDate":1.768544825373E9,"UserStatus":"FORCE_CHANGE_PASSWORD","Username":"9811e320-5011-704e-83d8-33e9cb2af863"}}'
2026-01-15 22:27:05,524 - botocore.hooks - DEBUG - Event needs-retry.cognito-identity-provider.AdminCreateUser: calling handler <botocore.retryhandler.RetryHandler object at 0x10a6cb2d0>
2026-01-15 22:27:05,525 - botocore.retryhandler - DEBUG - No retry needed.
2026-01-15 22:27:05,525 - daylily.workset_auth - INFO - Created user rojam74@gmail.com for customer iiiii-e60e4275
2026-01-15 22:27:05,525 - daylily.workset_api - INFO - Cognito user created successfully for rojam74@gmail.com
TRACE:    127.0.0.1:50828 - ASGI [33] Send {'type': 'http.response.start', 'status': 302, 'headers': '<...>'}
INFO:     127.0.0.1:50828 - "POST /portal/register HTTP/1.1" 302 Found
TRACE:    127.0.0.1:50828 - ASGI [33] Send {'type': 'http.response.body', 'body': '<0 bytes>'}
TRACE:    127.0.0.1:50828 - ASGI [33] Completed
TRACE:    127.0.0.1:50830 - HTTP connection made
TRACE:    127.0.0.1:50828 - ASGI [34] Started scope={'type': 'http', 'asgi': {'version': '3.0', 'spec_version': '2.3'}, 'http_version': '1.1', 'server': ('127.0.0.1', 8000), 'client': ('127.0.0.1', 50828), 'scheme': 'http', 'method': 'GET', 'root_path': '', 'path': '/portal/login', 'raw_path': b'/portal/login', 'query_string': b'success=Account%20created%20successfully!%20Your%20customer%20ID%20is:%20iiiii-e60e4275.%20Your%20S3%20bucket:%20daylily-customer-iiiii-e60e4275.%20Check%20your%20email%20for%20login%20credentials.', 'headers': '<...>', 'state': {}}
TRACE:    127.0.0.1:50828 - ASGI [34] Send {'type': 'http.response.start', 'status': 200, 'headers': '<...>'}
INFO:     127.0.0.1:50828 - "GET /portal/login?success=Account%20created%20successfully!%20Your%20customer%20ID%20is:%20iiiii-e60e4275.%20Your%20S3%20bucket:%20daylily-customer-iiiii-e60e4275.%20Check%20your%20email%20for%20login%20credentials. HTTP/1.1" 200 OK
TRACE:    127.0.0.1:50828 - ASGI [34] Send {'type': 'http.response.body', 'body': '<4996 bytes>'}
TRACE:    127.0.0.1:50828 - ASGI [34] Completed
TRACE:    127.0.0.1:50828 - ASGI [35] Started scope={'type': 'http', 'asgi': {'version': '3.0', 'spec_version': '2.3'}, 'http_version': '1.1', 'server': ('127.0.0.1', 8000), 'client': ('127.0.0.1', 50828), 'scheme': 'http', 'method': 'GET', 'root_path': '', 'path': '/static/css/main.css', 'raw_path': b'/static/css/main.css', 'query_string': b'v=1768544825', 'headers': '<...>', 'state': {}}
TRACE:    127.0.0.1:50830 - ASGI [36] Started scope={'type': 'http', 'asgi': {'version': '3.0', 'spec_version': '2.3'}, 'http_version': '1.1', 'server': ('127.0.0.1', 8000), 'client': ('127.0.0.1', 50830), 'scheme': 'http', 'method': 'GET', 'root_path': '', 'path': '/static/js/api.js', 'raw_path': b'/static/js/api.js', 'query_string': b'v=1768544825', 'headers': '<...>', 'state': {}}
TRACE:    127.0.0.1:50833 - HTTP connection made
TRACE:    127.0.0.1:50833 - ASGI [37] Started scope={'type': 'http', 'asgi': {'version': '3.0', 'spec_version': '2.3'}, 'http_version': '1.1', 'server': ('127.0.0.1', 8000), 'client': ('127.0.0.1', 50833), 'scheme': 'http', 'method': 'GET', 'root_path': '', 'path': '/static/js/main.js', 'raw_path': b'/static/js/main.js', 'query_string': b'v=1768544825', 'headers': '<...>', 'state': {}}
TRACE:    127.0.0.1:50830 - ASGI [36] Send {'type': 'http.response.start', 'status': 200, 'headers': '<...>'}
INFO:     127.0.0.1:50830 - "GET /static/js/api.js?v=1768544825 HTTP/1.1" 200 OK
TRACE:    127.0.0.1:50828 - ASGI [35] Send {'type': 'http.response.start', 'status': 200, 'headers': '<...>'}
INFO:     127.0.0.1:50828 - "GET /static/css/main.css?v=1768544825 HTTP/1.1" 200 OK
TRACE:    127.0.0.1:50833 - ASGI [37] Send {'type': 'http.response.start', 'status': 200, 'headers': '<...>'}
INFO:     127.0.0.1:50833 - "GET /static/js/main.js?v=1768544825 HTTP/1.1" 200 OK
TRACE:    127.0.0.1:50828 - ASGI [35] Send {'type': 'http.response.body', 'body': '<26519 bytes>', 'more_body': False}
TRACE:    127.0.0.1:50833 - ASGI [37] Send {'type': 'http.response.body', 'body': '<5468 bytes>', 'more_body': False}
TRACE:    127.0.0.1:50830 - ASGI [36] Send {'type': 'http.response.body', 'body': '<7555 bytes>', 'more_body': False}
TRACE:    127.0.0.1:50833 - ASGI [37] Completed
TRACE:    127.0.0.1:50828 - ASGI [35] Completed
TRACE:    127.0.0.1:50830 - ASGI [36] Completed
TRACE:    127.0.0.1:50828 - HTTP connection lost
TRACE:    127.0.0.1:50833 - HTTP connection lost
TRACE:    127.0.0.1:50830 - HTTP connection lost
